[    0.000000] Linux version 4.15.0-212-generic (buildd@lcy02-amd64-083) (gcc version 7.5.0 (Ubuntu 7.5.0-3ubuntu1~18.04)) #223-Ubuntu SMP Tue May 23 13:09:22 UTC 2023 (Ubuntu 4.15.0-212.223-generic 4.15.18)
[    0.000000] Command line: BOOT_IMAGE=/boot/vmlinuz-4.15.0-212-generic root=LABEL=cloudimg-rootfs ro console=tty1 console=ttyS0
[    0.000000] KERNEL supported cpus:
[    0.000000]   Intel GenuineIntel
[    0.000000]   AMD AuthenticAMD
[    0.000000]   Centaur CentaurHauls
[    0.000000] x86/fpu: Supporting XSAVE feature 0x001: 'x87 floating point registers'
[    0.000000] x86/fpu: Supporting XSAVE feature 0x002: 'SSE registers'
[    0.000000] x86/fpu: Supporting XSAVE feature 0x004: 'AVX registers'
[    0.000000] x86/fpu: xstate_offset[2]:  576, xstate_sizes[2]:  256
[    0.000000] x86/fpu: Enabled xstate features 0x7, context size is 832 bytes, using 'standard' format.
[    0.000000] e820: BIOS-provided physical RAM map:
[    0.000000] BIOS-e820: [mem 0x0000000000000000-0x000000000009fbff] usable
[    0.000000] BIOS-e820: [mem 0x000000000009fc00-0x000000000009ffff] reserved
[    0.000000] BIOS-e820: [mem 0x00000000000f0000-0x00000000000fffff] reserved
[    0.000000] BIOS-e820: [mem 0x0000000000100000-0x000000003ffeffff] usable
[    0.000000] BIOS-e820: [mem 0x000000003fff0000-0x000000003fffffff] ACPI data
[    0.000000] BIOS-e820: [mem 0x00000000fec00000-0x00000000fec00fff] reserved
[    0.000000] BIOS-e820: [mem 0x00000000fee00000-0x00000000fee00fff] reserved
[    0.000000] BIOS-e820: [mem 0x00000000fffc0000-0x00000000ffffffff] reserved
[    0.000000] NX (Execute Disable) protection: active
[    0.000000] SMBIOS 2.5 present.
[    0.000000] DMI: innotek GmbH VirtualBox/VirtualBox, BIOS VirtualBox 12/01/2006
[    0.000000] Hypervisor detected: KVM
[    0.000000] e820: last_pfn = 0x3fff0 max_arch_pfn = 0x400000000
[    0.000000] MTRR: Disabled
[    0.000000] x86/PAT: MTRRs disabled, skipping PAT initialization too.
[    0.000000] CPU MTRRs all blank - virtualized system.
[    0.000000] x86/PAT: Configuration [0-7]: WB  WT  UC- UC  WB  WT  UC- UC  
[    0.000000] found SMP MP-table at [mem 0x0009fff0-0x0009ffff]
[    0.000000] Scanning 1 areas for low memory corruption
[    0.000000] RAMDISK: [mem 0x359cb000-0x36cdcfff]
[    0.000000] ACPI: Early table checksum verification disabled
[    0.000000] ACPI: RSDP 0x00000000000E0000 000024 (v02 VBOX  )
[    0.000000] ACPI: XSDT 0x000000003FFF0030 00003C (v01 VBOX   VBOXXSDT 00000001 ASL  00000061)
[    0.000000] ACPI: FACP 0x000000003FFF00F0 0000F4 (v04 VBOX   VBOXFACP 00000001 ASL  00000061)
[    0.000000] ACPI: DSDT 0x000000003FFF0610 002353 (v02 VBOX   VBOXBIOS 00000002 INTL 20100528)
[    0.000000] ACPI: FACS 0x000000003FFF0200 000040
[    0.000000] ACPI: FACS 0x000000003FFF0200 000040
[    0.000000] ACPI: APIC 0x000000003FFF0240 00005C (v02 VBOX   VBOXAPIC 00000001 ASL  00000061)
[    0.000000] ACPI: SSDT 0x000000003FFF02A0 00036C (v01 VBOX   VBOXCPUT 00000002 INTL 20100528)
[    0.000000] ACPI: Reserving FACP table memory at [mem 0x3fff00f0-0x3fff01e3]
[    0.000000] ACPI: Reserving DSDT table memory at [mem 0x3fff0610-0x3fff2962]
[    0.000000] ACPI: Reserving FACS table memory at [mem 0x3fff0200-0x3fff023f]
[    0.000000] ACPI: Reserving FACS table memory at [mem 0x3fff0200-0x3fff023f]
[    0.000000] ACPI: Reserving APIC table memory at [mem 0x3fff0240-0x3fff029b]
[    0.000000] ACPI: Reserving SSDT table memory at [mem 0x3fff02a0-0x3fff060b]
[    0.000000] No NUMA configuration found
[    0.000000] Faking a node at [mem 0x0000000000000000-0x000000003ffeffff]
[    0.000000] NODE_DATA(0) allocated [mem 0x3ffc5000-0x3ffeffff]
[    0.000000] kvm-clock: cpu 0, msr 0:3ff44001, primary cpu clock
[    0.000000] kvm-clock: Using msrs 4b564d01 and 4b564d00
[    0.000000] kvm-clock: using sched offset of 4511354421 cycles
[    0.000000] clocksource: kvm-clock: mask: 0xffffffffffffffff max_cycles: 0x1cd42e4dffb, max_idle_ns: 881590591483 ns
[    0.000000] Zone ranges:
[    0.000000]   DMA      [mem 0x0000000000001000-0x0000000000ffffff]
[    0.000000]   DMA32    [mem 0x0000000001000000-0x000000003ffeffff]
[    0.000000]   Normal   empty
[    0.000000]   Device   empty
[    0.000000] Movable zone start for each node
[    0.000000] Early memory node ranges
[    0.000000]   node   0: [mem 0x0000000000001000-0x000000000009efff]
[    0.000000]   node   0: [mem 0x0000000000100000-0x000000003ffeffff]
[    0.000000] Reserved but unavailable: 104 pages
[    0.000000] Initmem setup node 0 [mem 0x0000000000001000-0x000000003ffeffff]
[    0.000000] ACPI: PM-Timer IO Port: 0x4008
[    0.000000] IOAPIC[0]: apic_id 2, version 32, address 0xfec00000, GSI 0-23
[    0.000000] ACPI: INT_SRC_OVR (bus 0 bus_irq 0 global_irq 2 dfl dfl)
[    0.000000] ACPI: INT_SRC_OVR (bus 0 bus_irq 9 global_irq 9 low level)
[    0.000000] Using ACPI (MADT) for SMP configuration information
[    0.000000] smpboot: Allowing 2 CPUs, 0 hotplug CPUs
[    0.000000] PM: Registered nosave memory: [mem 0x00000000-0x00000fff]
[    0.000000] PM: Registered nosave memory: [mem 0x0009f000-0x0009ffff]
[    0.000000] PM: Registered nosave memory: [mem 0x000a0000-0x000effff]
[    0.000000] PM: Registered nosave memory: [mem 0x000f0000-0x000fffff]
[    0.000000] e820: [mem 0x40000000-0xfebfffff] available for PCI devices
[    0.000000] Booting paravirtualized kernel on KVM
[    0.000000] clocksource: refined-jiffies: mask: 0xffffffff max_cycles: 0xffffffff, max_idle_ns: 7645519600211568 ns
[    0.000000] setup_percpu: NR_CPUS:8192 nr_cpumask_bits:2 nr_cpu_ids:2 nr_node_ids:1
[    0.000000] percpu: Embedded 50 pages/cpu s167936 r8192 d28672 u1048576
[    0.000000] PV qspinlock hash table entries: 256 (order: 0, 4096 bytes)
[    0.000000] Built 1 zonelists, mobility grouping on.  Total pages: 257913
[    0.000000] Policy zone: DMA32
[    0.000000] Kernel command line: BOOT_IMAGE=/boot/vmlinuz-4.15.0-212-generic root=LABEL=cloudimg-rootfs ro console=tty1 console=ttyS0
[    0.000000] Memory: 982644K/1048120K available (12300K kernel code, 2477K rwdata, 4324K rodata, 2480K init, 2720K bss, 65476K reserved, 0K cma-reserved)
[    0.000000] SLUB: HWalign=64, Order=0-3, MinObjects=0, CPUs=2, Nodes=1
[    0.000000] Kernel/User page tables isolation: enabled
[    0.000000] ftrace: allocating 39508 entries in 155 pages
[    0.004000] Hierarchical RCU implementation.
[    0.004000] 	RCU restricting CPUs from NR_CPUS=8192 to nr_cpu_ids=2.
[    0.004000] 	Tasks RCU enabled.
[    0.004000] RCU: Adjusting geometry for rcu_fanout_leaf=16, nr_cpu_ids=2
[    0.004000] NR_IRQS: 524544, nr_irqs: 440, preallocated irqs: 16
[    0.004000] random: crng init done
[    0.004000] Console: colour VGA+ 80x25
[    0.004000] console [tty1] enabled
[    0.004000] console [ttyS0] enabled
[    0.004000] ACPI: Core revision 20170831
[    0.004000] ACPI: 2 ACPI AML tables successfully acquired and loaded
[    0.004000] APIC: Switch to symmetric I/O mode setup
[    0.004000] x2apic enabled
[    0.004015] Switched APIC routing to physical x2apic.
[    0.010890] ..TIMER: vector=0x30 apic1=0 pin1=2 apic2=-1 pin2=-1
[    0.012010] tsc: Detected 2808.002 MHz processor
[    0.016023] Calibrating delay loop (skipped) preset value.. 5616.00 BogoMIPS (lpj=11232008)
[    0.020008] pid_max: default: 32768 minimum: 301
[    0.024076] Security Framework initialized
[    0.025748] Yama: becoming mindful.
[    0.028070] AppArmor: AppArmor initialized
[    0.036149] Dentry cache hash table entries: 131072 (order: 8, 1048576 bytes)
[    0.040183] Inode-cache hash table entries: 65536 (order: 7, 524288 bytes)
[    0.044042] Mount-cache hash table entries: 2048 (order: 2, 16384 bytes)
[    0.048017] Mountpoint-cache hash table entries: 2048 (order: 2, 16384 bytes)
[    0.052563] Last level iTLB entries: 4KB 64, 2MB 8, 4MB 8
[    0.056011] Last level dTLB entries: 4KB 64, 2MB 0, 4MB 0, 1GB 4
[    0.060008] Spectre V1 : Mitigation: usercopy/swapgs barriers and __user pointer sanitization
[    0.064005] Spectre V2 : Mitigation: Retpolines
[    0.068008] Spectre V2 : Spectre v2 / SpectreRSB mitigation: Filling RSB on context switch
[    0.072006] Spectre V2 : Spectre v2 / SpectreRSB : Filling RSB on VMEXIT
[    0.076005] RETBleed: WARNING: Spectre v2 mitigation leaves CPU vulnerable to RETBleed attacks, data leaks possible!
[    0.080028] RETBleed: Vulnerable
[    0.084006] Speculative Store Bypass: Vulnerable
[    0.086534] MDS: Mitigation: Clear CPU buffers
[    0.088004] MMIO Stale Data: Mitigation: Clear CPU buffers
[    0.092004] SRBDS: Unknown: Dependent on hypervisor status
[    0.094593] Freeing SMP alternatives memory: 36K
[    0.208450] smpboot: CPU0: Intel(R) Core(TM) i7-6600U CPU @ 2.60GHz (family: 0x6, model: 0x4e, stepping: 0x3)
[    0.212000] Performance Events: unsupported p6 CPU model 78 no PMU driver, software events only.
[    0.212109] Hierarchical SRCU implementation.
[    0.215353] NMI watchdog: Perf event create on CPU 0 failed with -2
[    0.216005] NMI watchdog: Perf NMI watchdog permanently disabled
[    0.220098] smp: Bringing up secondary CPUs ...
[    0.224171] x86: Booting SMP configuration:
[    0.226166] .... node  #0, CPUs:      #1
[    0.004000] kvm-clock: cpu 1, msr 0:3ff44041, secondary cpu clock
[    0.232069] smp: Brought up 1 node, 2 CPUs
[    0.233682] smpboot: Max logical packages: 1
[    0.235303] smpboot: Total of 2 processors activated (11232.00 BogoMIPS)
[    0.236278] devtmpfs: initialized
[    0.240212] x86/mm: Memory block size: 128MB
[    0.242042] evm: security.selinux
[    0.244008] evm: security.SMACK64
[    0.245266] evm: security.SMACK64EXEC
[    0.246369] evm: security.SMACK64TRANSMUTE
[    0.248007] evm: security.SMACK64MMAP
[    0.249258] evm: security.apparmor
[    0.250378] evm: security.ima
[    0.251394] evm: security.capability
[    0.252215] clocksource: jiffies: mask: 0xffffffff max_cycles: 0xffffffff, max_idle_ns: 7645041785100000 ns
[    0.256032] futex hash table entries: 512 (order: 3, 32768 bytes)
[    0.258808] pinctrl core: initialized pinctrl subsystem
[    0.268222] RTC time: 19:19:25, date: 07/10/23
[    0.272352] NET: Registered protocol family 16
[    0.275265] audit: initializing netlink subsys (disabled)
[    0.276125] audit: type=2000 audit(1689016771.416:1): state=initialized audit_enabled=0 res=1
[    0.284014] cpuidle: using governor ladder
[    0.286074] cpuidle: using governor menu
[    0.288160] ACPI: bus type PCI registered
[    0.290350] acpiphp: ACPI Hot Plug PCI Controller Driver version: 0.5
[    0.292271] PCI: Using configuration type 1 for base access
[    0.300794] HugeTLB registered 2.00 MiB page size, pre-allocated 0 pages
[    0.304160] ACPI: Added _OSI(Module Device)
[    0.306740] ACPI: Added _OSI(Processor Device)
[    0.308021] ACPI: Added _OSI(3.0 _SCP Extensions)
[    0.312011] ACPI: Added _OSI(Processor Aggregator Device)
[    0.314424] ACPI: Added _OSI(Linux-Dell-Video)
[    0.316007] ACPI: Added _OSI(Linux-Lenovo-NV-HDMI-Audio)
[    0.320007] ACPI: Added _OSI(Linux-HPI-Hybrid-Graphics)
[    0.324025] ACPI: Executed 1 blocks of module-level executable AML code
[    0.336687] ACPI: Interpreter enabled
[    0.338627] ACPI: (supports S0 S5)
[    0.340009] ACPI: Using IOAPIC for interrupt routing
[    0.344715] PCI: Using host bridge windows from ACPI; if necessary, use "pci=nocrs" and report a bug
[    0.348455] ACPI: Enabled 2 GPEs in block 00 to 07
[    0.370755] ACPI: PCI Root Bridge [PCI0] (domain 0000 [bus 00-ff])
[    0.372026] acpi PNP0A03:00: _OSC: OS supports [ASPM ClockPM Segments MSI]
[    0.380769] acpi PNP0A03:00: _OSC: not requesting OS control; OS requires [ExtendedConfig ASPM ClockPM MSI]
[    0.384029] acpi PNP0A03:00: fail to add MMCONFIG information, can't access extended PCI configuration space under this bridge.
[    0.393015] PCI host bridge to bus 0000:00
[    0.396009] pci_bus 0000:00: root bus resource [io  0x0000-0x0cf7 window]
[    0.400008] pci_bus 0000:00: root bus resource [io  0x0d00-0xffff window]
[    0.404010] pci_bus 0000:00: root bus resource [mem 0x000a0000-0x000bffff window]
[    0.408014] pci_bus 0000:00: root bus resource [mem 0x40000000-0xfdffffff window]
[    0.412009] pci_bus 0000:00: root bus resource [bus 00-ff]
[    0.421121] pci 0000:00:01.1: legacy IDE quirk: reg 0x10: [io  0x01f0-0x01f7]
[    0.424008] pci 0000:00:01.1: legacy IDE quirk: reg 0x14: [io  0x03f6]
[    0.427255] pci 0000:00:01.1: legacy IDE quirk: reg 0x18: [io  0x0170-0x0177]
[    0.428008] pci 0000:00:01.1: legacy IDE quirk: reg 0x1c: [io  0x0376]
[    0.468284] pci 0000:00:07.0: quirk: [io  0x4000-0x403f] claimed by PIIX4 ACPI
[    0.472000] pci 0000:00:07.0: quirk: [io  0x4100-0x410f] claimed by PIIX4 SMB
[    0.494690] ACPI: PCI Interrupt Link [LNKA] (IRQs 5 9 10 *11)
[    0.496841] ACPI: PCI Interrupt Link [LNKB] (IRQs 5 9 *10 11)
[    0.500336] ACPI: PCI Interrupt Link [LNKC] (IRQs 5 *9 10 11)
[    0.504349] ACPI: PCI Interrupt Link [LNKD] (IRQs 5 9 10 *11)
[    0.508953] SCSI subsystem initialized
[    0.512146] pci 0000:00:02.0: vgaarb: setting as boot VGA device
[    0.515114] pci 0000:00:02.0: vgaarb: VGA device added: decodes=io+mem,owns=io+mem,locks=none
[    0.516015] pci 0000:00:02.0: vgaarb: bridge control possible
[    0.520009] vgaarb: loaded
[    0.521891] ACPI: bus type USB registered
[    0.524053] usbcore: registered new interface driver usbfs
[    0.528028] usbcore: registered new interface driver hub
[    0.530727] usbcore: registered new device driver usb
[    0.532125] EDAC MC: Ver: 3.0.0
[    0.536325] PCI: Using ACPI for IRQ routing
[    0.538964] NetLabel: Initializing
[    0.540007] NetLabel:  domain hash size = 128
[    0.542165] NetLabel:  protocols = UNLABELED CIPSOv4 CALIPSO
[    0.544053] NetLabel:  unlabeled traffic allowed by default
[    0.548192] clocksource: Switched to clocksource kvm-clock
[    0.612859] VFS: Disk quotas dquot_6.6.0
[    0.616418] VFS: Dquot-cache hash table entries: 512 (order 0, 4096 bytes)
[    0.619964] AppArmor: AppArmor Filesystem Enabled
[    0.622354] pnp: PnP ACPI init
[    0.626723] pnp: PnP ACPI: found 3 devices
[    0.644677] clocksource: acpi_pm: mask: 0xffffff max_cycles: 0xffffff, max_idle_ns: 2085701024 ns
[    0.650206] NET: Registered protocol family 2
[    0.652445] IP idents hash table entries: 16384 (order: 5, 131072 bytes)
[    0.667577] TCP established hash table entries: 8192 (order: 4, 65536 bytes)
[    0.672618] TCP bind hash table entries: 8192 (order: 5, 131072 bytes)
[    0.677079] TCP: Hash tables configured (established 8192 bind 8192)
[    0.680372] UDP hash table entries: 512 (order: 2, 16384 bytes)
[    0.683759] UDP-Lite hash table entries: 512 (order: 2, 16384 bytes)
[    0.687592] NET: Registered protocol family 1
[    0.690450] pci 0000:00:00.0: Limiting direct PCI/PCI transfers
[    0.693385] pci 0000:00:01.0: Activating ISA DMA hang workarounds
[    0.696604] pci 0000:00:02.0: Video device with shadowed ROM at [mem 0x000c0000-0x000dffff]
[    0.702208] Unpacking initramfs...
[    1.636128] Freeing initrd memory: 19528K
[    1.639111] clocksource: tsc: mask: 0xffffffffffffffff max_cycles: 0x2879c7f065b, max_idle_ns: 440795303690 ns
[    1.646490] platform rtc_cmos: registered platform RTC device (no PNP device found)
[    1.652220] Scanning for low memory corruption every 60 seconds
[    1.658090] Initialise system trusted keyrings
[    1.661710] Key type blacklist registered
[    1.665015] workingset: timestamp_bits=36 max_order=18 bucket_order=0
[    1.671783] zbud: loaded
[    1.674995] squashfs: version 4.0 (2009/01/31) Phillip Lougher
[    1.680208] fuse init (API version 7.26)
[    1.689408] Key type asymmetric registered
[    1.692289] Asymmetric key parser 'x509' registered
[    1.696447] Block layer SCSI generic (bsg) driver version 0.4 loaded (major 246)
[    1.702241] io scheduler noop registered
[    1.705470] io scheduler deadline registered
[    1.708910] io scheduler cfq registered (default)
[    1.712843] ACPI: AC Adapter [AC] (off-line)
[    1.715579] input: Power Button as /devices/LNXSYSTM:00/LNXPWRBN:00/input/input0
[    1.721212] ACPI: Power Button [PWRF]
[    1.723348] input: Sleep Button as /devices/LNXSYSTM:00/LNXSLPBN:00/input/input1
[    1.727776] ACPI: Sleep Button [SLPF]
[    1.731679] Serial: 8250/16550 driver, 32 ports, IRQ sharing enabled
[    1.734917] ACPI: Battery Slot [BAT0] (battery present)
[    1.760955] 00:02: ttyS0 at I/O 0x3f8 (irq = 4, base_baud = 115200) is a 16550A
[    1.769674] Linux agpgart interface v0.103
[    1.790440] loop: module loaded
[    1.793653] scsi host0: ata_piix
[    1.796351] scsi host1: ata_piix
[    1.798971] ata1: PATA max UDMA/33 cmd 0x1f0 ctl 0x3f6 bmdma 0xd000 irq 14
[    1.802600] ata2: PATA max UDMA/33 cmd 0x170 ctl 0x376 bmdma 0xd008 irq 15
[    1.807410] tun: Universal TUN/TAP device driver, 1.6
[    1.810539] PPP generic driver version 2.4.2
[    1.813528] ehci_hcd: USB 2.0 'Enhanced' Host Controller (EHCI) Driver
[    1.817257] ehci-pci: EHCI PCI platform driver
[    1.819698] ehci-platform: EHCI generic platform driver
[    1.822574] ohci_hcd: USB 1.1 'Open' Host Controller (OHCI) Driver
[    1.826275] ohci-pci: OHCI PCI platform driver
[    1.829116] ohci-platform: OHCI generic platform driver
[    1.832839] uhci_hcd: USB Universal Host Controller Interface driver
[    1.836777] i8042: PNP: PS/2 Controller [PNP0303:PS2K,PNP0f03:PS2M] at 0x60,0x64 irq 1,12
[    1.843135] serio: i8042 KBD port at 0x60,0x64 irq 1
[    1.845881] serio: i8042 AUX port at 0x60,0x64 irq 12
[    1.853045] mousedev: PS/2 mouse device common for all mice
[    1.858281] input: AT Translated Set 2 keyboard as /devices/platform/i8042/serio0/input/input2
[    1.865914] rtc_cmos rtc_cmos: rtc core: registered rtc_cmos as rtc0
[    1.872228] rtc_cmos rtc_cmos: alarms up to one day, 114 bytes nvram
[    1.875868] i2c /dev entries driver
[    1.878386] device-mapper: uevent: version 1.0.3
[    1.881418] device-mapper: ioctl: 4.37.0-ioctl (2017-09-20) initialised: dm-devel@redhat.com
[    1.886441] ledtrig-cpu: registered to indicate activity on CPUs
[    1.890222] NET: Registered protocol family 10
[    1.901491] Segment Routing with IPv6
[    1.903411] NET: Registered protocol family 17
[    1.905899] Key type dns_resolver registered
[    1.908645] mce: Using 0 MCE banks
[    1.910375] RAS: Correctable Errors collector initialized.
[    1.913072] sched_clock: Marking stable (1912986608, 0)->(2419574844, -506588236)
[    1.918062] registered taskstats version 1
[    1.920279] Loading compiled-in X.509 certificates
[    1.928943] Loaded X.509 cert 'Build time autogenerated kernel key: b5b26778eaa3ab3a4a6cee031137706e947d12ad'
[    1.937104] Loaded X.509 cert 'Canonical Ltd. Live Patch Signing: 14df34d1a87cf37625abec039ef2bf521249b969'
[    1.943455] Loaded X.509 cert 'Canonical Ltd. Kernel Module Signing: 88f752e560a1e0737e31163a466ad7b70a850c19'
[    1.950038] blacklist: Loading compiled-in revocation X.509 certificates
[    1.954435] Loaded X.509 cert 'Canonical Ltd. Secure Boot Signing: 61482aa2830d0ab2ad5af10b7250da9033ddcef0'
[    1.962096] Loaded X.509 cert 'Canonical Ltd. Secure Boot Signing (2017): 242ade75ac4a15e50d50c84b0d45ff3eae707a03'
[    1.976208] Loaded X.509 cert 'Canonical Ltd. Secure Boot Signing (ESM 2018): 365188c1d374d6b07c3c8f240f8ef722433d6a8b'
[    1.994797] Loaded X.509 cert 'Canonical Ltd. Secure Boot Signing (2019): c0746fd6c5da3ae827864651ad66ae47fe24b3e8'
[    2.000160] Loaded X.509 cert 'Canonical Ltd. Secure Boot Signing (2021 v1): a8d54bbb3825cfb94fa13c9f8a594a195c107b8d'
[    2.005020] Loaded X.509 cert 'Canonical Ltd. Secure Boot Signing (2021 v2): 4cf046892d6fd3c9a5b03f98d845f90851dc6a8c'
[    2.009808] Loaded X.509 cert 'Canonical Ltd. Secure Boot Signing (2021 v3): 100437bb6de6e469b581e61cd66bce3ef4ed53af'
[    2.014475] Loaded X.509 cert 'Canonical Ltd. Secure Boot Signing (Ubuntu Core 2019): c1d57b8f6b743f23ee41f4f7ee292f06eecadfb9'
[    2.019867] zswap: loaded using pool lzo/zbud
[    2.030163] Key type big_key registered
[    2.032215] Key type trusted registered
[    2.038504] Key type encrypted registered
[    2.039939] AppArmor: AppArmor sha1 policy hashing enabled
[    2.042374] ima: No TPM chip found, activating TPM-bypass! (rc=-19)
[    2.044794] ima: Allocated hash algorithm: sha1
[    2.046978] evm: HMAC attrs: 0x1
[    2.049501]   Magic number: 15:45:344
[    2.051419] tty tty61: hash matches
[    2.053534] rtc_cmos rtc_cmos: setting system clock to 2023-07-10 19:19:27 UTC (1689016767)
[    2.057702] BIOS EDD facility v0.16 2004-Jun-25, 0 devices found
[    2.060541] EDD information not available.
[    2.068938] Freeing unused kernel image memory: 2480K
[    2.096140] Write protecting the kernel read-only data: 20480k
[    2.101506] Freeing unused kernel image memory: 2008K
[    2.106175] Freeing unused kernel image memory: 1820K
[    2.137516] x86/mm: Checked W+X mappings: passed, no W+X pages found.
[    2.141233] x86/mm: Checking user space page tables
[    2.164940] x86/mm: Checked W+X mappings: passed, no W+X pages found.
Loading, please wait...
starting version 237
[    2.381714] e1000: Intel(R) PRO/1000 Network Driver - version 7.3.21-k8-NAPI
[    2.385296] e1000: Copyright (c) 1999-2006 Intel Corporation.
[    2.401254] Fusion MPT base driver 3.04.20
[    2.403197] Copyright (c) 1999-2008 LSI Corporation
[    2.419619] Fusion MPT SPI Host driver 3.04.20
[    2.447479] AVX2 version of gcm_enc/dec engaged.
[    2.449981] AES CTR mode by8 optimization enabled
[    2.611241] input: ImExPS/2 Generic Explorer Mouse as /devices/platform/i8042/serio1/input/input4
[    3.016705] e1000 0000:00:03.0 eth0: (PCI:33MHz:32-bit) 02:3b:7b:b7:3b:2d
[    3.021255] e1000 0000:00:03.0 eth0: Intel(R) PRO/1000 Network Connection
[    3.028538] mptbase: ioc0: Initiating bringup
[    3.141732] ioc0: LSI53C1030 A0: Capabilities={Initiator}
[    3.397281] scsi host2: ioc0: LSI53C1030 A0, FwRev=00000000h, Ports=1, MaxQ=256, IRQ=20
[    3.576321] scsi 2:0:0:0: Direct-Access     VBOX     HARDDISK         1.0  PQ: 0 ANSI: 5
[    3.740404] scsi target2:0:0: Beginning Domain Validation
[    3.752457] scsi target2:0:0: Domain Validation skipping write tests
[    3.759991] scsi target2:0:0: Ending Domain Validation
[    3.770622] scsi target2:0:0: asynchronous
[    3.778376] scsi 2:0:1:0: Direct-Access     VBOX     HARDDISK         1.0  PQ: 0 ANSI: 5
[    4.145319] scsi target2:0:1: Beginning Domain Validation
[    4.156639] scsi target2:0:1: Domain Validation skipping write tests
[    4.159661] scsi target2:0:1: Ending Domain Validation
[    4.163359] scsi target2:0:1: asynchronous
[    4.175569] sd 2:0:0:0: Attached scsi generic sg0 type 0
[    4.181000] sd 2:0:0:0: [sda] 83886080 512-byte logical blocks: (42.9 GB/40.0 GiB)
[    4.181114] sd 2:0:1:0: [sdb] 20480 512-byte logical blocks: (10.5 MB/10.0 MiB)
[    4.190232] sd 2:0:0:0: [sda] Write Protect is off
[    4.190269] sd 2:0:1:0: Attached scsi generic sg1 type 0
[    4.193793] e1000 0000:00:08.0 eth1: (PCI:33MHz:32-bit) 08:00:27:a5:0d:7f
[    4.197126] sd 2:0:1:0: [sdb] Write Protect is off
[    4.206463] e1000 0000:00:08.0 eth1: Intel(R) PRO/1000 Network Connection
[    4.209515] sd 2:0:1:0: [sdb] Incomplete mode parameter data
[    4.218954] sd 2:0:0:0: [sda] Incomplete mode parameter data
[    4.218957] sd 2:0:0:0: [sda] Assuming drive cache: write through
[    4.225185] sd 2:0:1:0: [sdb] Assuming drive cache: write through
[    4.231050]  sda: sda1
[    4.234062] sd 2:0:1:0: [sdb] Attached SCSI disk
[    4.237680] sd 2:0:0:0: [sda] Attached SCSI disk
[    4.242735] e1000 0000:00:08.0 enp0s8: renamed from eth1
[    4.266358] e1000 0000:00:03.0 enp0s3: renamed from eth0
Begin: Loading essential drivers ... [    6.640631] raid6: sse2x1   gen()  6104 MB/s
[    6.693873] raid6: sse2x1   xor()  3578 MB/s
[    6.740134] raid6: sse2x2   gen()  5808 MB/s
[    6.788647] raid6: sse2x2   xor()  3714 MB/s
[    6.836040] raid6: sse2x4   gen()  6490 MB/s
[    6.884856] raid6: sse2x4   xor()  4177 MB/s
[    6.932680] raid6: avx2x1   gen() 10329 MB/s
[    6.980607] raid6: avx2x1   xor()  6026 MB/s
[    7.028672] raid6: avx2x2   gen() 10984 MB/s
[    7.076054] raid6: avx2x2   xor()  7292 MB/s
[    7.124523] raid6: avx2x4   gen() 12107 MB/s
[    7.172592] raid6: avx2x4   xor()  7911 MB/s
[    7.175092] raid6: using algorithm avx2x4 gen() 12107 MB/s
[    7.178519] raid6: .... xor() 7911 MB/s, rmw enabled
[    7.181438] raid6: using avx2x2 recovery algorithm
[    7.187206] xor: automatically using best checksumming function   avx       
[    7.194753] async_tx: api initialized (async)
done.
Begin: Running /scripts/init-premount ... done.
Begin: Mounting root file system ... Begin: Running /scripts/local-top ... done.
Begin: Running /scripts/local-premount ... [    7.306760] Btrfs loaded, crc32c=crc32c-intel
Scanning for Btrfs filesystems
done.
Warning: fsck not present, so skipping root file system
[    7.375354] EXT4-fs (sda1): mounted filesystem with ordered data mode. Opts: (null)
done.
Begin: Running /scripts/local-bottom ... done.
Begin: Running /scripts/init-bottom ... done.
[    7.702136] ip_tables: (C) 2000-2006 Netfilter Core Team
[    7.726840] systemd[1]: systemd 237 running in system mode. (+PAM +AUDIT +SELINUX +IMA +APPARMOR +SMACK +SYSVINIT +UTMP +LIBCRYPTSETUP +GCRYPT +GNUTLS +ACL +XZ +LZ4 +SECCOMP +BLKID +ELFUTILS +KMOD -IDN2 +IDN -PCRE2 default-hierarchy=hybrid)
[    7.737661] systemd[1]: Detected virtualization oracle.
[    7.740289] systemd[1]: Detected architecture x86-64.

Welcome to [1mUbuntu 18.04.6 LTS[0m!

[    7.756521] systemd[1]: Set hostname to <ubuntu>.
[    7.766597] systemd[1]: Initializing machine ID from random generator.
[    7.771106] systemd[1]: Installed transient /etc/machine-id file.
[    8.470860] systemd[1]: Created slice System Slice.
[[0;32m  OK  [0m] Created slice System Slice.
[    8.505965] systemd[1]: Listening on fsck to fsckd communication Socket.
[[0;32m  OK  [0m] Listening on fsck to fsckd communication Socket.
[    8.517051] systemd[1]: Created slice system-serial\x2dgetty.slice.
[[0;32m  OK  [0m] Created slice system-serial\x2dgetty.slice.
[    8.525355] systemd[1]: Listening on Journal Audit Socket.
[[0;32m  OK  [0m] Listening on Journal Audit Socket.
[[0;32m  OK  [0m] Listening on udev Kernel Socket.
[[0;32m  OK  [0m] Reached target Swap.
[[0;32m  OK  [0m] Listening on Device-mapper event daemon FIFOs.
[[0;32m  OK  [0m] Reached target Mounting snaps.
[[0;32m  OK  [0m] Created slice User and Session Slice.
[[0;32m  OK  [0m] Listening on /dev/initctl Compatibility Named Pipe.
[[0;32m  OK  [0m] Listening on udev Control Socket.
[[0;32m  OK  [0m] Set up automount Arbitrary Executab…rmats File System Automount Point.
[[0;32m  OK  [0m] Reached target Slices.
[[0;32m  OK  [0m] Listening on LVM2 metadata daemon socket.
[[0;32m  OK  [0m] Listening on Syslog Socket.
[[0;32m  OK  [0m] Listening on Journal Socket.
         Starting Uncomplicated firewall...
         Mounting Kernel Debug File System...
         Starting Load Kernel Modules...
         Starting File System Check on Root Device...
         Mounting Huge Pages File System...
[[0;32m  OK  [0m] Started Forward Password Requests to Wall Directory Watch.
[[0;32m  OK  [0m] Listening on LVM2 poll daemon socket.
         Starting Monitoring of LVM2 mirrors…ng dmeventd or progress polling...
[[0;32m  OK  [0m] Reached target User and Group Name Lookups.
[    8.884285] Loading iSCSI transport class v2.0-870.
         Starting Create list of required st…ce nodes for the current kernel...
         Mounting POSIX Message Queue File System...
         Starting udev Coldplug all Devices...
         Starting Set the console keyboard layout...
[[0;32m  OK  [0m] Reached target System Time Synchronized.
[[0;32m  OK  [0m] Reached target Mounted snaps.
[[0;32m  OK  [0m] Listening on Network Service Netlink Socket.
[[0;32m  OK  [0m] Listening on Journal Socket (/dev/log).
         Starting Journal Service...
[[0;32m  OK  [0m] Started Uncomplicated firewall.
[[0;32m  OK  [0m] Mounted Kernel Debug File System.
[[0;32m  OK  [0m] Mounted Huge Pages File System.
[[0;32m  OK  [0m] Mounted POSIX Message Queue File System.
[[0;32m  OK  [0m] Started File System Check Daemon to report status.
[[0;32m  OK  [0m] Started LVM2 metadata daemon.
[    8.973315] iscsi: registered transport (tcp)
[[0;32m  OK  [0m] Started Create list of required sta…vice nodes for the current kernel.
         Starting Create Static Device Nodes in /dev...
[[0;32m  OK  [0m] Started File System Check on Root Device.
         Starting Remount Root and Kernel File Systems...
[[0;32m  OK  [0m] Started Journal Service.
[[0;32m  OK  [0m] Started udev Coldplug all Devices.
[    9.182023] iscsi: registered transport (iser)
[    9.186000] EXT4-fs (sda1): re-mounted. Opts: (null)
[[0;32m  OK  [0m] Started Remount Root and Kernel File Systems.
[[0;32m  OK  [0m] Started Load Kernel Modules.
         Starting Apply Kernel Variables...
         Mounting Kernel Configuration File System...
         Mounting FUSE Control File System...
         Starting Flush Journal to Persistent Storage...
         Starting Load/Save Random Seed...
[[0;32m  OK  [0m] Started Create Static Device Nodes in /dev.
[[0;32m  OK  [0m] Mounted Kernel Configuration File System.
[[0;32m  OK  [0m] Mounted FUSE Control File System.
[[0;32m  OK  [0m] Started Monitoring of LVM2 mirrors,…sing dmeventd or progress polling.
[[0;32m  OK  [0m] Started Apply Kernel Variables.
         Starting udev Kernel Device Manager...
[[0;32m  OK  [0m] Started Load/Save Random Seed.
[[0;32m  OK  [0m] Started udev Kernel Device Manager.
[[0;32m  OK  [0m] Started Flush Journal to Persistent Storage.
[[0;32m  OK  [0m] Found device /dev/ttyS0.
[[0;32m  OK  [0m] Listening on Load/Save RF Kill Switch Status /dev/rfkill Watch.
         Mounting Arbitrary Executable File Formats File System...
[[0;32m  OK  [0m] Mounted Arbitrary Executable File Formats File System.
[[0;32m  OK  [0m] Started Set the console keyboard layout.
[[0;32m  OK  [0m] Started Dispatch Password Requests to Console Directory Watch.
[[0;32m  OK  [0m] Reached target Local Encrypted Volumes.
[[0;32m  OK  [0m] Reached target Local File Systems (Pre).
[[0;32m  OK  [0m] Reached target Local File Systems.
         Starting Set console font and keymap...
         Starting Commit a transient machine-id on disk...
         Starting Tell Plymouth To Write Out Runtime Data...
         Starting ebtables ruleset management...
         Starting AppArmor initialization...
         Starting Create Volatile Files and Directories...
[[0;32m  OK  [0m] Started Tell Plymouth To Write Out Runtime Data.
[[0;32m  OK  [0m] Started Create Volatile Files and Directories.
         Starting Update UTMP about System Boot/Shutdown...
[[0;32m  OK  [0m] Started Commit a transient machine-id on disk.
[[0;32m  OK  [0m] Started Update UTMP about System Boot/Shutdown.
[[0;32m  OK  [0m] Started ebtables ruleset management.
[[0;32m  OK  [0m] Started Set console font and keymap.
[[0;32m  OK  [0m] Started AppArmor initialization.
         Starting Load AppArmor profiles managed internally by snapd...
         Starting Initial cloud-init job (pre-networking)...
[[0;32m  OK  [0m] Started Load AppArmor profiles managed internally by snapd.
[   20.139604] cloud-init[807]: Cloud-init v. 23.1.2-0ubuntu0~18.04.1 running 'init-local' at Mon, 10 Jul 2023 19:19:44 +0000. Up 19.17 seconds.
[[0;32m  OK  [0m] Started Initial cloud-init job (pre-networking).
[[0;32m  OK  [0m] Reached target Network (Pre).
         Starting Network Service...
[[0;32m  OK  [0m] Started Network Service.
         Starting Wait for Network to be Configured...
         Starting Network Name Resolution...
[[0;32m  OK  [0m] Started Network Name Resolution.
[[0;32m  OK  [0m] Reached target Host and Network Name Lookups.
[[0;32m  OK  [0m] Reached target Network.
[[0;32m  OK  [0m] Started Wait for Network to be Configured.
         Starting Initial cloud-init job (metadata service crawler)...
[   23.838667] cloud-init[907]: Cloud-init v. 23.1.2-0ubuntu0~18.04.1 running 'init' at Mon, 10 Jul 2023 19:19:48 +0000. Up 23.31 seconds.
[   23.843982] cloud-init[907]: ci-info: ++++++++++++++++++++++++++++++++++++++Net device info+++++++++++++++++++++++++++++++++++++++
[   23.849095] cloud-init[907]: ci-info: +--------+-------+----------------------------+---------------+--------+-------------------+
[   23.852865] cloud-init[907]: ci-info: | Device |   Up  |          Address           |      Mask     | Scope  |     Hw-Address    |
[   23.857605] cloud-init[907]: ci-info: +--------+-------+----------------------------+---------------+--------+-------------------+
[   23.861797] cloud-init[907]: ci-info: | enp0s3 |  True |         10.0.2.15          | 255.255.255.0 | global | 02:3b:7b:b7:3b:2d |
[   23.866161] cloud-init[907]: ci-info: | enp0s3 |  True | fe80::3b:7bff:feb7:3b2d/64 |       .       |  link  | 02:3b:7b:b7:3b:2d |
[   23.870691] cloud-init[907]: ci-info: | enp0s8 | False |             .              |       .       |   .    | 08:00:27:a5:0d:7f |
[   23.874840] cloud-init[907]: ci-info: |   lo   |  True |         127.0.0.1          |   255.0.0.0   |  host  |         .         |
[   23.877988] cloud-init[907]: ci-info: |   lo   |  True |          ::1/128           |       .       |  host  |         .         |
[   23.882732] cloud-init[907]: ci-info: +--------+-------+----------------------------+---------------+--------+-------------------+
[   23.888196] cloud-init[907]: ci-info: ++++++++++++++++++++++++++++Route IPv4 info+++++++++++++++++++++++++++++
[   23.892989] cloud-init[907]: ci-info: +-------+-------------+----------+-----------------+-----------+-------+
[   23.895671] cloud-init[907]: ci-info: | Route | Destination | Gateway  |     Genmask     | Interface | Flags |
[   23.898147] cloud-init[907]: ci-info: +-------+-------------+----------+-----------------+-----------+-------+
[   23.900698] cloud-init[907]: ci-info: |   0   |   0.0.0.0   | 10.0.2.2 |     0.0.0.0     |   enp0s3  |   UG  |
[   23.913106] cloud-init[907]: ci-info: |   1   |   10.0.2.0  | 0.0.0.0  |  255.255.255.0  |   enp0s3  |   U   |
[   23.917772] cloud-init[907]: ci-info: |   2   |   10.0.2.2  | 0.0.0.0  | 255.255.255.255 |   enp0s3  |   UH  |
[   23.921436] cloud-init[907]: ci-info: +-------+-------------+----------+-----------------+-----------+-------+
[   23.926652] cloud-init[907]: ci-info: +++++++++++++++++++Route IPv6 info+++++++++++++++++++
[   23.944729] cloud-init[907]: ci-info: +-------+-------------+---------+-----------+-------+
[   23.947165] cloud-init[907]: ci-info: | Route | Destination | Gateway | Interface | Flags |
[   23.951818] cloud-init[907]: ci-info: +-------+-------------+---------+-----------+-------+
[   23.956545] cloud-init[907]: ci-info: |   1   |  fe80::/64  |    ::   |   enp0s3  |   U   |
[   23.960966] cloud-init[907]: ci-info: |   3   |    local    |    ::   |   enp0s3  |   U   |
[   23.965013] cloud-init[907]: ci-info: |   4   |   ff00::/8  |    ::   |   enp0s3  |   U   |
[   23.970188] cloud-init[907]: ci-info: +-------+-------------+---------+-----------+-------+
[   25.787453] cloud-init[907]: Generating public/private rsa key pair.
[   25.801100] cloud-init[907]: Your identification has been saved in /etc/ssh/ssh_host_rsa_key.
[   25.806834] cloud-init[907]: Your public key has been saved in /etc/ssh/ssh_host_rsa_key.pub.
[   25.809941] cloud-init[907]: The key fingerprint is:
[   25.811946] cloud-init[907]: SHA256:XoY9Vb3KItL4ZiuwSZqCgrHIq5+0mfs+ZK7dZ5wYYsc root@ubuntu-bionic
[   25.815026] cloud-init[907]: The key's randomart image is:
[   25.816855] cloud-init[907]: +---[RSA 2048]----+
[   25.818894] cloud-init[907]: |              .. |
[   25.833063] cloud-init[907]: |             .  .|
[   25.836396] cloud-init[907]: |            .   .|
[   25.839492] cloud-init[907]: |         o .   . |
[   25.854570] cloud-init[907]: |     .  S = . .  |
[   25.858290] cloud-init[907]: |.   =oE+ = o o   |
[   25.860210] cloud-init[907]: |=o.=+o+++.. .    |
[   25.872832] cloud-init[907]: |*+ Oo+..=+       |
[   25.874632] cloud-init[907]: |+o@=+..o+..      |
[   25.876604] cloud-init[907]: +----[SHA256]-----+
[   25.879324] cloud-init[907]: Generating public/private dsa key pair.
[   25.881291] cloud-init[907]: Your identification has been saved in /etc/ssh/ssh_host_dsa_key.
[   25.892539] cloud-init[907]: Your public key has been saved in /etc/ssh/ssh_host_dsa_key.pub.
[   25.895501] cloud-init[907]: The key fingerprint is:
[   25.900479] cloud-init[907]: SHA256:MmnL8VB1uYWko+RZShBIpG/9MUieUh9sTIhYbgiWcAw root@ubuntu-bionic
[   25.907111] cloud-init[907]: The key's randomart image is:
[   25.909287] cloud-init[907]: +---[DSA 1024]----+
[   25.910910] cloud-init[907]: |E+o=+ooo. ..oo   |
[[0;32m  OK  [0m] Started Initial cloud-init job (metadata service crawler).
[   25.926486] cloud-init[[0;32m  OK  [0m] Reached target System Initialization.
[[0;32m  OK  [0m] Started Discard unused blocks once a week.
[[0;32m  OK  [0m] Started Daily apt download activities.
[[0;32m  OK  [0m] Started Message of the Day.
[[0;32m  OK  [0m] Started Daily Cleanup of Temporary Directories.
[[0;32m  OK  [0m] Listening on cloud-init hotplug hook socket.
[[0;32m  OK  [0m] Started Daily apt upgrade and clean activities.
[[0;32m  OK  [0m] Listening on D-Bus System Message Bus Socket.
[907]:          Starting Socket activation for snappy daemon.
[[0;32m  OK  [0m] Listening on Open-iSCSI iscsid Socket.
[[0;32m  OK  [0m] Listening on ACPID Listen Socket.
|.+o+o .= . oo .  |
[   25.954487] [[0;32m  OK  [0m] Started ACPI Events Check.
[[0;32m  OK  [0m] Reached target Paths.
cloud-init[907]: |  o o o O +  o   |
         Starting LXD - unix socket.
[   25.969972] [[0;32m  OK  [0m] Listening on UUID daemon activation socket.
[[0;32m  OK  [0m] Started Ubuntu Advantage Timer for running repeated jobs.
[[0;32m  OK  [0m] Reached target Timers.
[[0;32m  OK  [0m] Reached target Cloud-config availability.
[[0;32m  OK  [0m] Reached target Network is Online.
cloud-init[907]: |   o = @ * ..    |
[   25.979568] cloud-init[907]: |    + % S        |         Starting Availability of block devices...
[[0;32m  OK  [0m] Reached target Remote File Systems (Pre).
[[0;32m  OK  [0m] Reached target Remote File Systems.
[[0;32m  OK  [0m] Listening on Socket activation for snappy daemon.
[[0;32m  OK  [0m] Listening on LXD - unix socket.
[[0;32m  OK  [0m] Reached target Sockets.

[[0;32m  OK  [0m] Reached target Basic System.
[   25.995531] cloud-init[907]: |   . + O o       |         Starting LSB: Record successful boot for GRUB...
         Starting LSB: automatic crash report generation...
[[0;32m  OK  [0m] Started D-Bus System Message Bus.

[   26.009512] cloud-init[907]: |      o o        |
[   26.016756] cloud-init[907]: |                 |
[   26.020911] cloud-init[907]: |                 |
[   26.023873] cloud-init[907]: +----[SHA256]-----+
[   26.028502] cloud-init[907]: Generating public/private ecdsa key pair.
[   26.031299] cloud-init[907]: Your identification has been saved in /etc/ssh/ssh_host_ecdsa_key.
[   26.035354] cloud-init[907]: Your public key has been saved in /etc/ssh/ssh_host_ecdsa_key.pub.
[   26.039359] cloud-init[907]: The key fingerprint is:
[   26.041224] cloud-init[907]: SHA256:lynQGeVqArs+WAVtUzGrsjzNHRNJ+JgmFt+2pjmHBHI root@ubuntu-bionic
[   26.046229] cloud-init[907]: The key's randomart image is:
[   26.052667] cloud-init[907]: +---[ECDSA 256]---+
[   26.054993] cloud-init[907]: |     . o*o.      |
[   26.057311] cloud-init[907]: |    o =o B       |
[   26.058968] cloud-init[907]: |    .=.** .      |
[   26.063454] cloud-init[907]: |  . Eo*o+o o     |
[   26.066170] cloud-init[907]: |   +o=o.S.+      |
[   26.068890] cloud-init[907]: |   ..*.+o=       |
[   26.072030] cloud-init[907]: |   o=.o=.        |
[   26.075843] cloud-init[907]: |  ....= .        |
[   26.088634] cloud-init[907]: |    .. o         |
         Starting Login Service...
[   26.098228] cloud-init[907]: +----[SHA256]-----+[[0;32m  OK  [0m] Started FUSE filesystem for LXC.

         Starting Dispatcher daemon for systemd-networkd...
         Starting LXD - container startup/shutdown...
[   26.114511] cloud-init[907]: Generating public/private ed25519 key pair.
[   26.121361]          Starting System Logging Service...
cloud-init[907]: Your identification has been saved in /etc/ssh/ssh_host_ed25519_key.
         Starting Accounts Service...
[   26.138080] cloud-init[907]: Your public key has been saved in /etc/ssh/ssh_host_ed25519_key.pub.
[   26.140745] cloud-init[907]: The key fingerprint is:
[   26.142659] cloud-init[907]: SHA256:RScmusMU37ro1QlFaP3LbkNZ3XDoTYbxk5KgyM7fnBk root@ubuntu-bionic
[   26.145318] cloud-init[907]: The key's randomart image is:
[   26.156758] cloud-init[907]: +--[ED25519 256]--+
[   26.158219] cloud-init[907]: |      . .o=.. .+ |
[   26.159957] cloud-init[907]: |      .++*oo. =.=|
[   26.162167] cloud-init[907]: |      o+..+. + Xo|
[   26.164824] cloud-init[907]: |     oo. +  . + =|
[   26.166311] cloud-init[907]: |      +oS  E +   |
[   26.167916] cloud-init[907]: |       o.+o.O    |
[   26.173038] cloud-init[907]: |      . o.oB     |
[   26.175443] cloud-init[907]: |     . .    +    |
[   26.178281] cloud-init[907]: |      .    . .   |
[   26.181122] cloud-init[907]: +----[SHA256]-----+
         Starting Snap Daemon...
[[0;32m  OK  [0m] Reached target Login Prompts (Pre).
         Starting Permit User Sessions...
         Starting Virtualbox guest utils...
[[0;32m  OK  [0m] Started Deferred execution scheduler.
[[0;32m  OK  [0m] Started Regular background program processing daemon.
[[0;32m  OK  [0m] Started irqbalance daemon.
         Starting Pollinate to seed the pseudo random number generator...
[[0;32m  OK  [0m] Started System Logging Service.
[[0;32m  OK  [0m] Started Availability of block devices.
[[0;32m  OK  [0m] Started Permit User Sessions.
[[0;32m  OK  [0m] Started Login Service.
[[0;32m  OK  [0m] Started Unattended Upgrades Shutdown.
         Starting Hold until boot process finishes up...
         Starting Terminate Plymouth Boot Screen...
[[0;32m  OK  [0m] Started Hold until boot process finishes up.
         Starting Set console scheme...
[[0;32m  OK  [0m] Started Serial Getty on ttyS0.
[[0;32m  OK  [0m] Started Terminate Plymouth Boot Screen.
[[0;32m  OK  [0m] Started Set console scheme.
[[0;32m  OK  [0m] Created slice system-getty.slice.
[[0;32m  OK  [0m] Started Getty on tty1.
[[0;32m  OK  [0m] Reached target Login Prompts.
         Starting Authorization Manager...
[[0;32m  OK  [0m] Started LSB: automatic crash report generation.
[[0;32m  OK  [0m] Started LSB: Record successful boot for GRUB.
[[0;32m  OK  [0m] Started Authorization Manager.
[[0;32m  OK  [0m] Started Accounts Service.
[[0;32m  OK  [0m] Started Virtualbox guest utils.
[[0;32m  OK  [0m] Started LXD - container startup/shutdown.
[[0;32m  OK  [0m] Started Dispatcher daemon for systemd-networkd.
[[0;32m  OK  [0m] Started Snap Daemon.
         Starting Wait until snapd is fully seeded...
         Starting Time & Date Service...
[[0;32m  OK  [0m] Started Time & Date Service.
[[0;32m  OK  [0m] Started Wait until snapd is fully seeded.
         Starting Apply the settings specified in cloud-config...
[   32.741473] cloud-init[1302]: Cloud-init v. 23.1.2-0ubuntu0~18.04.1 running 'modules:config' at Mon, 10 Jul 2023 19:19:56 +0000. Up 31.25 seconds.

Ubuntu 18.04.6 LTS ubuntu-bionic ttyS0

ubuntu-bionic login: ci-info: no authorized SSH keys fingerprints found for user ubuntu.
<14>Jul 10 19:20:00 cloud-init: #############################################################
<14>Jul 10 19:20:00 cloud-init: -----BEGIN SSH HOST KEY FINGERPRINTS-----
<14>Jul 10 19:20:00 cloud-init: 1024 SHA256:MmnL8VB1uYWko+RZShBIpG/9MUieUh9sTIhYbgiWcAw root@ubuntu-bionic (DSA)
<14>Jul 10 19:20:00 cloud-init: 256 SHA256:lynQGeVqArs+WAVtUzGrsjzNHRNJ+JgmFt+2pjmHBHI root@ubuntu-bionic (ECDSA)
<14>Jul 10 19:20:00 cloud-init: 256 SHA256:RScmusMU37ro1QlFaP3LbkNZ3XDoTYbxk5KgyM7fnBk root@ubuntu-bionic (ED25519)
<14>Jul 10 19:20:00 cloud-init: 2048 SHA256:XoY9Vb3KItL4ZiuwSZqCgrHIq5+0mfs+ZK7dZ5wYYsc root@ubuntu-bionic (RSA)
<14>Jul 10 19:20:00 cloud-init: -----END SSH HOST KEY FINGERPRINTS-----
<14>Jul 10 19:20:00 cloud-init: #############################################################
-----BEGIN SSH HOST KEY KEYS-----
ecdsa-sha2-nistp256 AAAAE2VjZHNhLXNoYTItbmlzdHAyNTYAAAAIbmlzdHAyNTYAAABBBJejB3ahlu7mpx9VM5Iv2QPS9Wwk22XNJklAEsqHeKn7U07q0wzBitj5i6N8cTV19udwknS3kvoTO32QLpSqP/Y= root@ubuntu-bionic
ssh-ed25519 AAAAC3NzaC1lZDI1NTE5AAAAINTDu8tNCcPyjFPmxxwdtWFbVpMINFHXiN5DZlUDwSx2 root@ubuntu-bionic
ssh-rsa AAAAB3NzaC1yc2EAAAADAQABAAABAQDCeDvMrSrDAMQVhpGmGrKBlz+nCU3Qcd4VXHK37n4X4hQNAa9ditQwP82tgP/hN5VROelifrwFGIZaJWRqBS5iMKChRoEN3D8DudAsjG54egVgRyFk7z57FTAk00YjXei/+9jDimcommVI+8sR99gtGdj5S01Cq09X742TvexyEzOxxPgurZo0V4GToxkovgg8pWoLX+ygj48n1FCgiwTgS5adtLt7WGMgLNCMXwZ1bKQ/ECAjtXnaYGQPl8SZio/6o+bPxMoqABxj08TWCUf6TjfnOCyyUP7g8hXRcC7+/NaIUG3WYq/WPzKYOUbwUZyh3uhBAuCmU8jB99YJyvGZ root@ubuntu-bionic
-----END SSH HOST KEY KEYS-----
[   35.575795] cloud-init[1446]: Cloud-init v. 23.1.2-0ubuntu0~18.04.1 running 'modules:final' at Mon, 10 Jul 2023 19:20:00 +0000. Up 34.64 seconds.
[   35.577454] cloud-init[1446]: Cloud-init v. 23.1.2-0ubuntu0~18.04.1 finished at Mon, 10 Jul 2023 19:20:00 +0000. Datasource DataSourceNoCloud [seed=/dev/sdb][dsmode=net].  Up 35.54 seconds
